mktextfm ecrm1200
mktextfm ectt1000
mktextfm ptmr8t
mktextfm ptmr8t
mktextfm ptmr8t
mktextfm ptmr8t
mktextfm ptmr8t
mktextfm ptmb8t
mktextfm nullfont
mktextfm ptmr8t
mktextfm ptmb8t
mktextfm nullfont
mktextfm ptmr8c
mktextfm ptmri8t
mktextfm ptmr8t
mktextfm ptmb8t
mktextfm nullfont
mktextfm ptmb8t
mktextfm nullfont
mktextfm ecrm1200
mktextfm ectt1000
mktextfm ptmr8t
mktextfm ptmr8t
mktextfm ptmr8t
mktextfm ptmr8t
mktextfm ptmr8t
mktextfm ptmb8t
mktextfm nullfont
mktextfm ptmr8t
mktextfm ptmb8t
mktextfm nullfont
mktextfm ptmr8c
mktextfm ptmri8t
mktextfm ptmr8t
mktextfm ptmb8t
mktextfm nullfont
mktextfm ptmb8t
mktextfm nullfont
mktextfm ecrm1200
mktextfm ectt1000
mktextfm ptmr8t
mktextfm ptmr8t
mktextfm ptmr8t
mktextfm ptmr8t
mktextfm ptmr8t
mktextfm ptmb8t
mktextfm nullfont
mktextfm ptmr8t
mktextfm ptmb8t
mktextfm nullfont
mktextfm ptmr8c
mktextfm ptmri8t
mktextfm ecrm1200
mktextfm ectt1000
mktextfm ptmr8t
mktextfm ptmr8t
mktextfm ptmr8t
mktextfm ptmr8t
mktextfm ptmr8t
mktextfm ptmb8t
mktextfm nullfont
mktextfm ptmr8t
mktextfm ptmb8t
mktextfm nullfont
mktextfm ptmr8c
mktextfm ptmri8t
