\BOOKMARK [1][-]{section.1}{Introduction}{}% 1
\BOOKMARK [1][-]{section.2}{Materials and Methods}{}% 2
\BOOKMARK [2][-]{subsection.2.1}{Setting}{section.2}% 3
\BOOKMARK [2][-]{subsection.2.2}{Training Data}{section.2}% 4
\BOOKMARK [2][-]{subsection.2.3}{Predictor Variables}{section.2}% 5
\BOOKMARK [3][-]{subsubsection.2.3.1}{CAMx model}{subsection.2.3}% 6
\BOOKMARK [3][-]{subsubsection.2.3.2}{Remote Sensing data}{subsection.2.3}% 7
\BOOKMARK [3][-]{subsubsection.2.3.3}{Other Earth Data}{subsection.2.3}% 8
\BOOKMARK [2][-]{subsection.2.4}{Machine Learning Model/Statistical Analysis}{section.2}% 9
\BOOKMARK [2][-]{subsection.2.5}{Total PM2.5}{section.2}% 10
\BOOKMARK [2][-]{subsection.2.6}{Attribution of Total PM2.5 to Wilfires, Prescribed Fires, and Urban Sources}{section.2}% 11
\BOOKMARK [2][-]{subsection.2.7}{model validation, handling uncertainties, etc.}{section.2}% 12
\BOOKMARK [1][-]{section.3}{Results}{}% 13
\BOOKMARK [1][-]{section.4}{Discussion}{}% 14
\BOOKMARK [1][-]{section.5}{Anticipated Results and Improvements}{}% 15
\BOOKMARK [1][-]{section.6}{Transition \046 Sustainability Plan}{}% 16
\BOOKMARK [1][-]{section.7}{Software}{}% 17
\BOOKMARK [1][-]{section.8}{Ideas, To Do, Resources, etc}{}% 18
\BOOKMARK [1][-]{section.9}{PM2.5 Surface Paper Notes}{}% 19
\BOOKMARK [2][-]{subsection.9.1}{Papers published in Atmospheric Environment - use as style example}{section.9}% 20
\BOOKMARK [1][-]{section.10}{Papers to cite/discuss in Introduction and/or Discussion}{}% 21
\BOOKMARK [2][-]{subsection.10.1}{Notes on Papers}{section.10}% 22
